<?xml version="1.0" encoding="UTF-8"?>
<!-- Generated by org.testng.reporters.JUnitXMLReporter -->
<testsuite ignored="0" hostname="DESKTOP-TPO04OI" failures="1" tests="5" name="EdgeBrowser" time="61.434" errors="0" timestamp="2022-07-12T15:57:15 IST">
  <testcase classname="tests.TestClassNG" name="testTaskList" time="8.598"/>
  <testcase classname="tests.ReportDashBoardClassNG" name="verifyUrlOfReport" time="10.943"/>
  <testcase classname="tests.TestClassNG" name="testUserList" time="7.526"/>
  <testcase classname="tests.ReportDashBoardClassNG" name="clickONReportIcon" time="20.15">
    <failure type="java.lang.IndexOutOfBoundsException" message="Index 2 out of bounds for length 2">
      <![CDATA[java.lang.IndexOutOfBoundsException: Index 2 out of bounds for length 2
at java.base/jdk.internal.util.Preconditions.outOfBounds(Preconditions.java:64)
at java.base/jdk.internal.util.Preconditions.outOfBoundsCheckIndex(Preconditions.java:70)
at java.base/jdk.internal.util.Preconditions.checkIndex(Preconditions.java:266)
at java.base/java.util.Objects.checkIndex(Objects.java:359)
at java.base/java.util.ArrayList.get(ArrayList.java:427)
at pom.HtmlTableOfPerformancePage.generateTheTableValue(HtmlTableOfPerformancePage.java:37)
at tests.ReportDashBoardClassNG.clickONReportIcon(ReportDashBoardClassNG.java:125)
at java.base/java.util.concurrent.ThreadPoolExecutor.runWorker(ThreadPoolExecutor.java:1136)
at java.base/java.util.concurrent.ThreadPoolExecutor$Worker.run(ThreadPoolExecutor.java:635)
at java.base/java.lang.Thread.run(Thread.java:833)
... Removed 12 stack frames]]>
    </failure>
  </testcase> <!-- clickONReportIcon -->
  <testcase classname="tests.TestClassNG" name="testReportDashBoard" time="10.64"/>
</testsuite> <!-- EdgeBrowser -->
