<?xml version="1.0" encoding="UTF-8"?>
<!-- Generated by org.testng.reporters.JUnitXMLReporter -->
<testsuite ignored="0" hostname="DESKTOP-TPO04OI" failures="0" tests="5" name="Test1" time="105.09" errors="0" timestamp="2022-06-27T12:39:05 IST">
  <testcase classname="tests.ReportDashBoardClassNG" name="ClickONReportIcon" time="30.793"/>
  <testcase classname="tests.TestClassNG" name="testUserList" time="8.407"/>
  <testcase classname="tests.TestClassNG" name="testTaskList" time="3.853"/>
  <testcase classname="tests.TestClassNG" name="testReportDashBoard" time="11.99"/>
  <testcase classname="tests.TestClassNG" name="testReportDashBoard" time="6.188"/>
</testsuite> <!-- Test1 -->
